Determining if the pthread_create exist failed with the following output:
Change Dir: /home/lak/workspace/ros/aerostack_catkin_ws/build/CMakeFiles/CMakeTmp

Run Build Command:"/usr/bin/make" "cmTC_f3f5b/fast"
/usr/bin/make -f CMakeFiles/cmTC_f3f5b.dir/build.make CMakeFiles/cmTC_f3f5b.dir/build
make[1]: se entra en el directorio '/home/lak/workspace/ros/aerostack_catkin_ws/build/CMakeFiles/CMakeTmp'
Building C object CMakeFiles/cmTC_f3f5b.dir/CheckSymbolExists.c.o
/usr/bin/cc    -o CMakeFiles/cmTC_f3f5b.dir/CheckSymbolExists.c.o   -c /home/lak/workspace/ros/aerostack_catkin_ws/build/CMakeFiles/CMakeTmp/CheckSymbolExists.c
Linking C executable cmTC_f3f5b
/usr/bin/cmake -E cmake_link_script CMakeFiles/cmTC_f3f5b.dir/link.txt --verbose=1
/usr/bin/cc      -rdynamic CMakeFiles/cmTC_f3f5b.dir/CheckSymbolExists.c.o  -o cmTC_f3f5b 
CMakeFiles/cmTC_f3f5b.dir/CheckSymbolExists.c.o: En la función `main':
CheckSymbolExists.c:(.text+0x1b): referencia a `pthread_create' sin definir
collect2: error: ld returned 1 exit status
CMakeFiles/cmTC_f3f5b.dir/build.make:97: recipe for target 'cmTC_f3f5b' failed
make[1]: *** [cmTC_f3f5b] Error 1
make[1]: se sale del directorio '/home/lak/workspace/ros/aerostack_catkin_ws/build/CMakeFiles/CMakeTmp'
Makefile:126: recipe for target 'cmTC_f3f5b/fast' failed
make: *** [cmTC_f3f5b/fast] Error 2

File /home/lak/workspace/ros/aerostack_catkin_ws/build/CMakeFiles/CMakeTmp/CheckSymbolExists.c:
/* */
#include <pthread.h>

int main(int argc, char** argv)
{
  (void)argv;
#ifndef pthread_create
  return ((int*)(&pthread_create))[argc];
#else
  (void)argc;
  return 0;
#endif
}

Determining if the function pthread_create exists in the pthreads failed with the following output:
Change Dir: /home/lak/workspace/ros/aerostack_catkin_ws/build/CMakeFiles/CMakeTmp

Run Build Command:"/usr/bin/make" "cmTC_6da77/fast"
/usr/bin/make -f CMakeFiles/cmTC_6da77.dir/build.make CMakeFiles/cmTC_6da77.dir/build
make[1]: se entra en el directorio '/home/lak/workspace/ros/aerostack_catkin_ws/build/CMakeFiles/CMakeTmp'
Building C object CMakeFiles/cmTC_6da77.dir/CheckFunctionExists.c.o
/usr/bin/cc   -DCHECK_FUNCTION_EXISTS=pthread_create   -o CMakeFiles/cmTC_6da77.dir/CheckFunctionExists.c.o   -c /usr/share/cmake-3.10/Modules/CheckFunctionExists.c
Linking C executable cmTC_6da77
/usr/bin/cmake -E cmake_link_script CMakeFiles/cmTC_6da77.dir/link.txt --verbose=1
/usr/bin/cc  -DCHECK_FUNCTION_EXISTS=pthread_create    -rdynamic CMakeFiles/cmTC_6da77.dir/CheckFunctionExists.c.o  -o cmTC_6da77 -lpthreads 
/usr/bin/ld: no se puede encontrar -lpthreads
collect2: error: ld returned 1 exit status
CMakeFiles/cmTC_6da77.dir/build.make:97: recipe for target 'cmTC_6da77' failed
make[1]: *** [cmTC_6da77] Error 1
make[1]: se sale del directorio '/home/lak/workspace/ros/aerostack_catkin_ws/build/CMakeFiles/CMakeTmp'
Makefile:126: recipe for target 'cmTC_6da77/fast' failed
make: *** [cmTC_6da77/fast] Error 2


Determining if the Q_WS_WIN exist failed with the following output:
Change Dir: /home/lak/workspace/ros/aerostack_catkin_ws/build/CMakeFiles/CMakeTmp

Run Build Command:"/usr/bin/make" "cmTC_c6001/fast"
/usr/bin/make -f CMakeFiles/cmTC_c6001.dir/build.make CMakeFiles/cmTC_c6001.dir/build
make[1]: se entra en el directorio '/home/lak/workspace/ros/aerostack_catkin_ws/build/CMakeFiles/CMakeTmp'
Building CXX object CMakeFiles/cmTC_c6001.dir/CheckSymbolExists.cxx.o
/usr/bin/c++   -I/usr/include/qt4   -o CMakeFiles/cmTC_c6001.dir/CheckSymbolExists.cxx.o -c /home/lak/workspace/ros/aerostack_catkin_ws/build/CMakeFiles/CMakeTmp/CheckSymbolExists.cxx
/home/lak/workspace/ros/aerostack_catkin_ws/build/CMakeFiles/CMakeTmp/CheckSymbolExists.cxx: In function ‘int main(int, char**)’:
/home/lak/workspace/ros/aerostack_catkin_ws/build/CMakeFiles/CMakeTmp/CheckSymbolExists.cxx:8:19: error: ‘Q_WS_WIN’ was not declared in this scope
   return ((int*)(&Q_WS_WIN))[argc];
                   ^~~~~~~~
/home/lak/workspace/ros/aerostack_catkin_ws/build/CMakeFiles/CMakeTmp/CheckSymbolExists.cxx:8:19: note: suggested alternative: ‘Q_WS_X11’
   return ((int*)(&Q_WS_WIN))[argc];
                   ^~~~~~~~
                   Q_WS_X11
CMakeFiles/cmTC_c6001.dir/build.make:65: recipe for target 'CMakeFiles/cmTC_c6001.dir/CheckSymbolExists.cxx.o' failed
make[1]: *** [CMakeFiles/cmTC_c6001.dir/CheckSymbolExists.cxx.o] Error 1
make[1]: se sale del directorio '/home/lak/workspace/ros/aerostack_catkin_ws/build/CMakeFiles/CMakeTmp'
Makefile:126: recipe for target 'cmTC_c6001/fast' failed
make: *** [cmTC_c6001/fast] Error 2

File /home/lak/workspace/ros/aerostack_catkin_ws/build/CMakeFiles/CMakeTmp/CheckSymbolExists.cxx:
/* */
#include <QtCore/qglobal.h>

int main(int argc, char** argv)
{
  (void)argv;
#ifndef Q_WS_WIN
  return ((int*)(&Q_WS_WIN))[argc];
#else
  (void)argc;
  return 0;
#endif
}

Determining if the Q_WS_QWS exist failed with the following output:
Change Dir: /home/lak/workspace/ros/aerostack_catkin_ws/build/CMakeFiles/CMakeTmp

Run Build Command:"/usr/bin/make" "cmTC_73bf9/fast"
/usr/bin/make -f CMakeFiles/cmTC_73bf9.dir/build.make CMakeFiles/cmTC_73bf9.dir/build
make[1]: se entra en el directorio '/home/lak/workspace/ros/aerostack_catkin_ws/build/CMakeFiles/CMakeTmp'
Building CXX object CMakeFiles/cmTC_73bf9.dir/CheckSymbolExists.cxx.o
/usr/bin/c++   -I/usr/include/qt4   -o CMakeFiles/cmTC_73bf9.dir/CheckSymbolExists.cxx.o -c /home/lak/workspace/ros/aerostack_catkin_ws/build/CMakeFiles/CMakeTmp/CheckSymbolExists.cxx
/home/lak/workspace/ros/aerostack_catkin_ws/build/CMakeFiles/CMakeTmp/CheckSymbolExists.cxx: In function ‘int main(int, char**)’:
/home/lak/workspace/ros/aerostack_catkin_ws/build/CMakeFiles/CMakeTmp/CheckSymbolExists.cxx:8:19: error: ‘Q_WS_QWS’ was not declared in this scope
   return ((int*)(&Q_WS_QWS))[argc];
                   ^~~~~~~~
/home/lak/workspace/ros/aerostack_catkin_ws/build/CMakeFiles/CMakeTmp/CheckSymbolExists.cxx:8:19: note: suggested alternative: ‘Q_WS_X11’
   return ((int*)(&Q_WS_QWS))[argc];
                   ^~~~~~~~
                   Q_WS_X11
CMakeFiles/cmTC_73bf9.dir/build.make:65: recipe for target 'CMakeFiles/cmTC_73bf9.dir/CheckSymbolExists.cxx.o' failed
make[1]: *** [CMakeFiles/cmTC_73bf9.dir/CheckSymbolExists.cxx.o] Error 1
make[1]: se sale del directorio '/home/lak/workspace/ros/aerostack_catkin_ws/build/CMakeFiles/CMakeTmp'
Makefile:126: recipe for target 'cmTC_73bf9/fast' failed
make: *** [cmTC_73bf9/fast] Error 2

File /home/lak/workspace/ros/aerostack_catkin_ws/build/CMakeFiles/CMakeTmp/CheckSymbolExists.cxx:
/* */
#include <QtCore/qglobal.h>

int main(int argc, char** argv)
{
  (void)argv;
#ifndef Q_WS_QWS
  return ((int*)(&Q_WS_QWS))[argc];
#else
  (void)argc;
  return 0;
#endif
}

Determining if the Q_WS_MAC exist failed with the following output:
Change Dir: /home/lak/workspace/ros/aerostack_catkin_ws/build/CMakeFiles/CMakeTmp

Run Build Command:"/usr/bin/make" "cmTC_0dd3f/fast"
/usr/bin/make -f CMakeFiles/cmTC_0dd3f.dir/build.make CMakeFiles/cmTC_0dd3f.dir/build
make[1]: se entra en el directorio '/home/lak/workspace/ros/aerostack_catkin_ws/build/CMakeFiles/CMakeTmp'
Building CXX object CMakeFiles/cmTC_0dd3f.dir/CheckSymbolExists.cxx.o
/usr/bin/c++   -I/usr/include/qt4   -o CMakeFiles/cmTC_0dd3f.dir/CheckSymbolExists.cxx.o -c /home/lak/workspace/ros/aerostack_catkin_ws/build/CMakeFiles/CMakeTmp/CheckSymbolExists.cxx
/home/lak/workspace/ros/aerostack_catkin_ws/build/CMakeFiles/CMakeTmp/CheckSymbolExists.cxx: In function ‘int main(int, char**)’:
/home/lak/workspace/ros/aerostack_catkin_ws/build/CMakeFiles/CMakeTmp/CheckSymbolExists.cxx:8:19: error: ‘Q_WS_MAC’ was not declared in this scope
   return ((int*)(&Q_WS_MAC))[argc];
                   ^~~~~~~~
/home/lak/workspace/ros/aerostack_catkin_ws/build/CMakeFiles/CMakeTmp/CheckSymbolExists.cxx:8:19: note: suggested alternative: ‘Q_WS_X11’
   return ((int*)(&Q_WS_MAC))[argc];
                   ^~~~~~~~
                   Q_WS_X11
CMakeFiles/cmTC_0dd3f.dir/build.make:65: recipe for target 'CMakeFiles/cmTC_0dd3f.dir/CheckSymbolExists.cxx.o' failed
make[1]: *** [CMakeFiles/cmTC_0dd3f.dir/CheckSymbolExists.cxx.o] Error 1
make[1]: se sale del directorio '/home/lak/workspace/ros/aerostack_catkin_ws/build/CMakeFiles/CMakeTmp'
Makefile:126: recipe for target 'cmTC_0dd3f/fast' failed
make: *** [cmTC_0dd3f/fast] Error 2

File /home/lak/workspace/ros/aerostack_catkin_ws/build/CMakeFiles/CMakeTmp/CheckSymbolExists.cxx:
/* */
#include <QtCore/qglobal.h>

int main(int argc, char** argv)
{
  (void)argv;
#ifndef Q_WS_MAC
  return ((int*)(&Q_WS_MAC))[argc];
#else
  (void)argc;
  return 0;
#endif
}

Determining if the include file ueye.h exists failed with the following output:
Change Dir: /home/lak/workspace/ros/aerostack_catkin_ws/build/CMakeFiles/CMakeTmp

Run Build Command:"/usr/bin/make" "cmTC_72953/fast"
/usr/bin/make -f CMakeFiles/cmTC_72953.dir/build.make CMakeFiles/cmTC_72953.dir/build
make[1]: se entra en el directorio '/home/lak/workspace/ros/aerostack_catkin_ws/build/CMakeFiles/CMakeTmp'
Building CXX object CMakeFiles/cmTC_72953.dir/CheckIncludeFile.cxx.o
/usr/bin/c++    -std=c++11 -Wall    -o CMakeFiles/cmTC_72953.dir/CheckIncludeFile.cxx.o -c /home/lak/workspace/ros/aerostack_catkin_ws/build/CMakeFiles/CMakeTmp/CheckIncludeFile.cxx
/home/lak/workspace/ros/aerostack_catkin_ws/build/CMakeFiles/CMakeTmp/CheckIncludeFile.cxx:1:10: fatal error: ueye.h: No existe el archivo o el directorio
 #include <ueye.h>
          ^~~~~~~~
compilation terminated.
CMakeFiles/cmTC_72953.dir/build.make:65: recipe for target 'CMakeFiles/cmTC_72953.dir/CheckIncludeFile.cxx.o' failed
make[1]: *** [CMakeFiles/cmTC_72953.dir/CheckIncludeFile.cxx.o] Error 1
make[1]: se sale del directorio '/home/lak/workspace/ros/aerostack_catkin_ws/build/CMakeFiles/CMakeTmp'
Makefile:126: recipe for target 'cmTC_72953/fast' failed
make: *** [cmTC_72953/fast] Error 2


